<?xml version="1.0" encoding="UTF-8"?>
<!-- Generated by org.testng.reporters.JUnitReportReporter -->
<testsuite hostname="DESKTOP-5D7H31A" failures="0" tests="1" name="com.hybrid.TestClass.TC_LoginPage" time="6.017" errors="0" timestamp="2022-07-05T11:07:43 IST" skipped="0">
  <testcase classname="com.hybrid.TestClass.TC_LoginPage" name="Login" time="6.017"/>
  <system-out/>
</testsuite> <!-- com.hybrid.TestClass.TC_LoginPage -->
